<?xml version="1.0" encoding="utf-8"?>
<shfbBuild product="Sandcastle Help File Builder" version="2014.5.31.0" projectFile="C:\Users\brand_000\Documents\CSharp\Data.HashFunction.Documentation\SandcastleDocumentation.shfbproj" started="10/23/2014 8:09:21 PM">
<buildStep step="Initializing">
Finding tools...
The Sandcastle tools are located in &#39;C:\Program Files (x86)\EWSoftware\Sandcastle Help File Builder\&#39;
Locating components in the following folder(s):
   C:\Users\brand_000\Documents\CSharp\Data.HashFunction.Documentation
Using presentation style &#39;VS2013&#39; located in &#39;C:\Program Files (x86)\EWSoftware\Sandcastle Help File Builder\PresentationStyles\VS2013&#39;
Loading and initializing plug-ins...
Lightweight Website Style Version 2014.5.31.0
Copyright &#169; 2006-2014, Eric Woodruff, All Rights Reserved
Portions Copyright &#169; 2014, Sam Harwell, All Rights Reserved
</buildStep>
<buildStep step="ValidatingDocumentationSources">
Validating and copying documentation source information
Source: C:\Users\brand_000\Documents\CSharp\Data.HashFunction\Data.HashFunction.sln
    Found project &#39;C:\Users\brand_000\Documents\CSharp\Data.HashFunction\Test\Data.HashFunction.Test.csproj&#39;
    Found project &#39;C:\Users\brand_000\Documents\CSharp\Data.HashFunction\Jenkins\Data.HashFunction.Jenkins.csproj&#39;
    Found project &#39;C:\Users\brand_000\Documents\CSharp\Data.HashFunction\SpookyHash\Data.HashFunction.SpookyHash.csproj&#39;
    Found project &#39;C:\Users\brand_000\Documents\CSharp\Data.HashFunction\MurmurHash\Data.HashFunction.MurmurHash.csproj&#39;
    Found project &#39;C:\Users\brand_000\Documents\CSharp\Data.HashFunction\CityHash\Data.HashFunction.CityHash.csproj&#39;
    Found project &#39;C:\Users\brand_000\Documents\CSharp\Data.HashFunction\Pearson\Data.HashFunction.Pearson.csproj&#39;
    Found project &#39;C:\Users\brand_000\Documents\CSharp\Data.HashFunction\FNV\Data.HashFunction.FNV.csproj&#39;
    Found project &#39;C:\Users\brand_000\Documents\CSharp\Data.HashFunction\Buzhash\Data.HashFunction.BuzHash.csproj&#39;
    Found project &#39;C:\Users\brand_000\Documents\CSharp\Data.HashFunction\BernsteinHash\Data.HashFunction.BernsteinHash.csproj&#39;
    Found project &#39;C:\Users\brand_000\Documents\CSharp\Data.HashFunction\xxHash\Data.HashFunction.xxHash.csproj&#39;
    Found project &#39;C:\Users\brand_000\Documents\CSharp\Data.HashFunction\Core\Data.HashFunction.Core.csproj&#39;
    Found project &#39;C:\Users\brand_000\Documents\CSharp\Data.HashFunction\ELF64\Data.HashFunction.ELF64.csproj&#39;
    Found project &#39;C:\Users\brand_000\Documents\CSharp\Data.HashFunction\CRC\Data.HashFunction.CRC.csproj&#39;

Parsing project files
    Found assembly &#39;C:\Users\brand_000\Documents\CSharp\Data.HashFunction\Test\bin\NuGetDeploy\System.Data.HashFunction.Test.dll&#39;
    Found assembly &#39;C:\Users\brand_000\Documents\CSharp\Data.HashFunction\Jenkins\bin\NuGetDeploy\System.Data.HashFunction.Jenkins.dll&#39;
    Found assembly &#39;C:\Users\brand_000\Documents\CSharp\Data.HashFunction\SpookyHash\bin\NuGetDeploy\System.Data.HashFunction.SpookyHash.dll&#39;
    Found assembly &#39;C:\Users\brand_000\Documents\CSharp\Data.HashFunction\MurmurHash\bin\NuGetDeploy\System.Data.HashFunction.MurmurHash.dll&#39;
    Found assembly &#39;C:\Users\brand_000\Documents\CSharp\Data.HashFunction\CityHash\bin\NuGetDeploy\System.Data.HashFunction.CityHash.dll&#39;
    Found assembly &#39;C:\Users\brand_000\Documents\CSharp\Data.HashFunction\Pearson\bin\NuGetDeploy\System.Data.HashFunction.Pearson.dll&#39;
    Found assembly &#39;C:\Users\brand_000\Documents\CSharp\Data.HashFunction\FNV\bin\NuGetDeploy\System.Data.HashFunction.FNV.dll&#39;
    Found assembly &#39;C:\Users\brand_000\Documents\CSharp\Data.HashFunction\Buzhash\bin\NuGetDeploy\System.Data.HashFunction.Buzhash.dll&#39;
    Found assembly &#39;C:\Users\brand_000\Documents\CSharp\Data.HashFunction\BernsteinHash\bin\NuGetDeploy\System.Data.HashFunction.BernsteinHash.dll&#39;
    Found assembly &#39;C:\Users\brand_000\Documents\CSharp\Data.HashFunction\xxHash\bin\NuGetDeploy\System.Data.HashFunction.xxHash.dll&#39;
    Found assembly &#39;C:\Users\brand_000\Documents\CSharp\Data.HashFunction\Core\bin\NuGetDeploy\System.Data.HashFunction.Core.dll&#39;
    Found assembly &#39;C:\Users\brand_000\Documents\CSharp\Data.HashFunction\ELF64\bin\NuGetDeploy\System.Data.HashFunction.ELF64.dll&#39;
    Found assembly &#39;C:\Users\brand_000\Documents\CSharp\Data.HashFunction\CRC\bin\NuGetDeploy\System.Data.HashFunction.CRC.dll&#39;

References to include (excluding framework assemblies):
    Moq, Version=4.2.1409.1722, Culture=neutral, PublicKeyToken=69f491c39445e920, processorArchitecture=MSIL
    MoreLinq, Version=1.1.17511.0, Culture=neutral, PublicKeyToken=384d532d7e88985d, processorArchitecture=MSIL
    xunit

Copying XML comments files
    C:\Users\brand_000\Documents\CSharp\Data.HashFunction\Jenkins\bin\NuGetDeploy\System.Data.HashFunction.Jenkins.XML -&gt; C:\Users\brand_000\Documents\CSharp\Data.HashFunction.Documentation\Documentation\Staging\Working\System.Data.HashFunction.Jenkins.XML
    C:\Users\brand_000\Documents\CSharp\Data.HashFunction\SpookyHash\bin\NuGetDeploy\System.Data.HashFunction.SpookyHash.XML -&gt; C:\Users\brand_000\Documents\CSharp\Data.HashFunction.Documentation\Documentation\Staging\Working\System.Data.HashFunction.SpookyHash.XML
    C:\Users\brand_000\Documents\CSharp\Data.HashFunction\MurmurHash\bin\NuGetDeploy\System.Data.HashFunction.MurmurHash.XML -&gt; C:\Users\brand_000\Documents\CSharp\Data.HashFunction.Documentation\Documentation\Staging\Working\System.Data.HashFunction.MurmurHash.XML
    C:\Users\brand_000\Documents\CSharp\Data.HashFunction\CityHash\bin\NuGetDeploy\System.Data.HashFunction.CityHash.XML -&gt; C:\Users\brand_000\Documents\CSharp\Data.HashFunction.Documentation\Documentation\Staging\Working\System.Data.HashFunction.CityHash.XML
    C:\Users\brand_000\Documents\CSharp\Data.HashFunction\Pearson\bin\NuGetDeploy\System.Data.HashFunction.Pearson.XML -&gt; C:\Users\brand_000\Documents\CSharp\Data.HashFunction.Documentation\Documentation\Staging\Working\System.Data.HashFunction.Pearson.XML
    C:\Users\brand_000\Documents\CSharp\Data.HashFunction\FNV\bin\NuGetDeploy\System.Data.HashFunction.FNV.XML -&gt; C:\Users\brand_000\Documents\CSharp\Data.HashFunction.Documentation\Documentation\Staging\Working\System.Data.HashFunction.FNV.XML
    C:\Users\brand_000\Documents\CSharp\Data.HashFunction\Buzhash\bin\NuGetDeploy\System.Data.HashFunction.Buzhash.XML -&gt; C:\Users\brand_000\Documents\CSharp\Data.HashFunction.Documentation\Documentation\Staging\Working\System.Data.HashFunction.Buzhash.XML
    C:\Users\brand_000\Documents\CSharp\Data.HashFunction\BernsteinHash\bin\NuGetDeploy\System.Data.HashFunction.BernsteinHash.XML -&gt; C:\Users\brand_000\Documents\CSharp\Data.HashFunction.Documentation\Documentation\Staging\Working\System.Data.HashFunction.BernsteinHash.XML
    C:\Users\brand_000\Documents\CSharp\Data.HashFunction\xxHash\bin\NuGetDeploy\System.Data.HashFunction.xxHash.XML -&gt; C:\Users\brand_000\Documents\CSharp\Data.HashFunction.Documentation\Documentation\Staging\Working\System.Data.HashFunction.xxHash.XML
    C:\Users\brand_000\Documents\CSharp\Data.HashFunction\Core\bin\NuGetDeploy\System.Data.HashFunction.Core.XML -&gt; C:\Users\brand_000\Documents\CSharp\Data.HashFunction.Documentation\Documentation\Staging\Working\System.Data.HashFunction.Core.XML
    C:\Users\brand_000\Documents\CSharp\Data.HashFunction\ELF64\bin\NuGetDeploy\System.Data.HashFunction.ELF64.XML -&gt; C:\Users\brand_000\Documents\CSharp\Data.HashFunction.Documentation\Documentation\Staging\Working\System.Data.HashFunction.ELF64.XML
    C:\Users\brand_000\Documents\CSharp\Data.HashFunction\CRC\bin\NuGetDeploy\System.Data.HashFunction.CRC.XML -&gt; C:\Users\brand_000\Documents\CSharp\Data.HashFunction.Documentation\Documentation\Staging\Working\System.Data.HashFunction.CRC.XML
</buildStep>
<buildStep step="GenerateSharedContent">
Generating shared content files (en-US, English (United States))...
<plugIn name="Lightweight Website Style" behavior="After" priority="1000">
</plugIn>    Last step completed in 00:00:00.0938
</buildStep>
<buildStep step="GenerateApiFilter">
Generating API filter for MRefBuilder...
    Last step completed in 00:00:00.0156
</buildStep>
<buildStep step="GenerateReflectionInfo">
Generating reflection information...
[C:\Windows\Microsoft.NET\Framework64\v4.0.30319\MSBuild.exe]
Build started 10/23/2014 8:09:24 PM.
Project &quot;C:\Users\brand_000\Documents\CSharp\Data.HashFunction.Documentation\Documentation\Staging\Working\GenerateRefInfo.proj&quot; on node 1 (default targets).
PrepareForBuild:
  Creating directory &quot;obj\Debug\&quot;.
GenerateRefInfo:
  MRefBuilder (v2014.5.31.0)
  Copyright c 2006-2014, Microsoft Corporation, All Rights Reserved.
  Portions Copyright c 2006-2014, Eric Woodruff, All Rights Reserved.
  Loaded 13 assemblies for reflection and 4 dependency assemblies.
  Wrote information on 3 namespaces, 104 types, and 348 members
  Copying file from &quot;reflection.org&quot; to &quot;reflection.all&quot;.
  XslTransform (v2014.5.31.0)
  Copyright c 2006-2014, Microsoft Corporation, All Rights Reserved.
  Portions Copyright c 2006-2014, Eric Woodruff, All Rights Reserved.
  Applying XSL transformation &#39;C:\Program Files (x86)\EWSoftware\Sandcastle Help File Builder\ProductionTransforms\MergeDuplicates.xsl&#39;.
Done Building Project &quot;C:\Users\brand_000\Documents\CSharp\Data.HashFunction.Documentation\Documentation\Staging\Working\GenerateRefInfo.proj&quot; (default targets).

Build succeeded.

Time Elapsed 00:00:01.18
    Last step completed in 00:00:01.3757
</buildStep>
<buildStep step="TransformReflectionInfo">
Transforming reflection output...
[C:\Windows\Microsoft.NET\Framework64\v4.0.30319\MSBuild.exe]
Build started 10/23/2014 8:09:25 PM.
Project &quot;C:\Users\brand_000\Documents\CSharp\Data.HashFunction.Documentation\Documentation\Staging\Working\TransformManifest.proj&quot; on node 1 (default targets).
TransformManifest:
  XslTransform (v2014.5.31.0)
  Copyright c 2006-2014, Microsoft Corporation, All Rights Reserved.
  Portions Copyright c 2006-2014, Eric Woodruff, All Rights Reserved.
  Applying XSL transformation &#39;C:\Program Files (x86)\EWSoftware\Sandcastle Help File Builder\\ProductionTransforms\ApplyVSDocModel.xsl&#39;.
  Copying file from &quot;reflection.xml&quot; to &quot;reflection.nofilenames&quot;.
  XslTransform (v2014.5.31.0)
  Copyright c 2006-2014, Microsoft Corporation, All Rights Reserved.
  Portions Copyright c 2006-2014, Eric Woodruff, All Rights Reserved.
  Applying XSL transformation &#39;C:\Program Files (x86)\EWSoftware\Sandcastle Help File Builder\ProductionTransforms\AddFilenames.xsl&#39;.
  XslTransform (v2014.5.31.0)
  Copyright c 2006-2014, Microsoft Corporation, All Rights Reserved.
  Portions Copyright c 2006-2014, Eric Woodruff, All Rights Reserved.
  Applying XSL transformation &#39;C:\Program Files (x86)\EWSoftware\Sandcastle Help File Builder\ProductionTransforms\ReflectionToManifest.xsl&#39;.
Done Building Project &quot;C:\Users\brand_000\Documents\CSharp\Data.HashFunction.Documentation\Documentation\Staging\Working\TransformManifest.proj&quot; (default targets).

Build succeeded.

Time Elapsed 00:00:01.17
    Last step completed in 00:00:01.3906
</buildStep>
<buildStep step="GenerateNamespaceSummaries">
Generating namespace summary information...
    Last step completed in 00:00:00.0156
</buildStep>
<buildStep step="GenerateInheritedDocumentation">
Generating inherited documentation...
[C:\Windows\Microsoft.NET\Framework64\v4.0.30319\MSBuild.exe]
Sandcastle Help File Builder, version 2014.5.31.0
Copyright c 2006-2014, Eric Woodruff, All Rights Reserved
E-Mail: Eric@EWoodruff.us

Reflection information will be retrieved from &#39;reflection.xml&#39;
Inherited documentation will be written to &#39;_InheritedDocs_.xml&#39;
Indexing C:\Program Files (x86)\Reference Assemblies\Microsoft\Framework\.NETFramework\v4.5\*.xml
Indexing C:\Program Files (x86)\Reference Assemblies\Microsoft\FSharp\3.0\Runtime\v4.0\*.xml
Indexing C:\Users\brand_000\Documents\CSharp\Data.HashFunction.Documentation\Documentation\Staging\Working\System.Data.HashFunction.Jenkins.XML
Indexing C:\Users\brand_000\Documents\CSharp\Data.HashFunction.Documentation\Documentation\Staging\Working\System.Data.HashFunction.SpookyHash.XML
Indexing C:\Users\brand_000\Documents\CSharp\Data.HashFunction.Documentation\Documentation\Staging\Working\System.Data.HashFunction.MurmurHash.XML
Indexing C:\Users\brand_000\Documents\CSharp\Data.HashFunction.Documentation\Documentation\Staging\Working\System.Data.HashFunction.CityHash.XML
Indexing C:\Users\brand_000\Documents\CSharp\Data.HashFunction.Documentation\Documentation\Staging\Working\System.Data.HashFunction.Pearson.XML
Indexing C:\Users\brand_000\Documents\CSharp\Data.HashFunction.Documentation\Documentation\Staging\Working\System.Data.HashFunction.FNV.XML
Indexing C:\Users\brand_000\Documents\CSharp\Data.HashFunction.Documentation\Documentation\Staging\Working\System.Data.HashFunction.Buzhash.XML
Indexing C:\Users\brand_000\Documents\CSharp\Data.HashFunction.Documentation\Documentation\Staging\Working\System.Data.HashFunction.BernsteinHash.XML
Indexing C:\Users\brand_000\Documents\CSharp\Data.HashFunction.Documentation\Documentation\Staging\Working\System.Data.HashFunction.xxHash.XML
Indexing C:\Users\brand_000\Documents\CSharp\Data.HashFunction.Documentation\Documentation\Staging\Working\System.Data.HashFunction.Core.XML
Indexing C:\Users\brand_000\Documents\CSharp\Data.HashFunction.Documentation\Documentation\Staging\Working\System.Data.HashFunction.ELF64.XML
Indexing C:\Users\brand_000\Documents\CSharp\Data.HashFunction.Documentation\Documentation\Staging\Working\System.Data.HashFunction.CRC.XML
Indexed 158311 members in 134 file(s).  12 file(s) to scan for &lt;inheritdoc /&gt; tags.
Merging inherited documentation...


Documentation merged successfully
    Last step completed in 00:00:01.7853
</buildStep>
<buildStep step="CopyAdditionalContent">
Copying additional content files...
No additional content to copy
    Last step completed in 00:00:00.0000
</buildStep>
<buildStep step="MergeTablesOfContents">
Merging conceptual and additional tables of contents...
    Last step completed in 00:00:00.0000
</buildStep>
<buildStep step="GenerateIntermediateTableOfContents">
Generating intermediate table of contents file...
[C:\Windows\Microsoft.NET\Framework64\v4.0.30319\MSBuild.exe]
Build started 10/23/2014 8:09:28 PM.
Project &quot;C:\Users\brand_000\Documents\CSharp\Data.HashFunction.Documentation\Documentation\Staging\Working\GenerateIntermediateTOC.proj&quot; on node 1 (default targets).
GenerateIntermediateTOC:
  XslTransform (v2014.5.31.0)
  Copyright c 2006-2014, Microsoft Corporation, All Rights Reserved.
  Portions Copyright c 2006-2014, Eric Woodruff, All Rights Reserved.
  Applying XSL transformation &#39;C:\Program Files (x86)\EWSoftware\Sandcastle Help File Builder\\ProductionTransforms\CreateVSToc.xsl&#39;.
Done Building Project &quot;C:\Users\brand_000\Documents\CSharp\Data.HashFunction.Documentation\Documentation\Staging\Working\GenerateIntermediateTOC.proj&quot; (default targets).

Build succeeded.

Time Elapsed 00:00:00.17
Generating conceptual content intermediate TOC file...
    Last step completed in 00:00:00.3281
</buildStep>
<buildStep step="CreateBuildAssemblerConfigs">
Creating Sandcastle configuration files...
    sandcastle.config
    Last step completed in 00:00:00.2031
</buildStep>
<buildStep step="MergeCustomConfigs">
Merging custom build component configurations
C:\Users\brand_000\Documents\CSharp\Data.HashFunction.Documentation\Documentation\Staging\Working\sandcastle.config
    Last step completed in 00:00:00.0469
</buildStep>
<buildStep step="BuildReferenceTopics">
Building reference help topics...
[C:\Windows\Microsoft.NET\Framework64\v4.0.30319\MSBuild.exe]
Build started 10/23/2014 8:09:29 PM.
Project &quot;C:\Users\brand_000\Documents\CSharp\Data.HashFunction.Documentation\Documentation\Staging\Working\BuildReferenceTopics.proj&quot; on node 1 (default targets).
BuildReferenceTopics:
  BuildAssembler (v2014.5.31.0)
  Copyright c 2006-2014, Microsoft Corporation, All Rights Reserved.
  Portions Copyright c 2006-2014, Eric Woodruff, All Rights Reserved.
  Loading configuration...
  Processing topics...
  Processed 616 topic(s)
  CopyFromIndexComponent: &quot;reflection&quot; in-memory cache entries used: 7 of 15.
  CopyFromIndexComponent: &quot;comments&quot; in-memory cache entries used: 15 of 30.
Done Building Project &quot;C:\Users\brand_000\Documents\CSharp\Data.HashFunction.Documentation\Documentation\Staging\Working\BuildReferenceTopics.proj&quot; (default targets).

Build succeeded.

Time Elapsed 00:00:13.72
    Last step completed in 00:00:13.9241
</buildStep>
<buildStep step="CombiningIntermediateTocFiles">
Combining conceptual and API intermediate TOC files...

Clearing any prior web output
    Last step completed in 00:00:00.4688
</buildStep>
<buildStep step="ExtractingHtmlInfo">
Extracting HTML info for HTML Help 1 and/or website...
[C:\Windows\Microsoft.NET\Framework64\v4.0.30319\MSBuild.exe]
Sandcastle Help File Builder, version 2014.5.31.0
Copyright c 2006-2014, Eric Woodruff, All Rights Reserved
E-Mail: Eric@EWoodruff.us

Using LCID &#39;1033&#39;, code page &#39;65001&#39;, encoding charset &#39;UTF-8&#39;.

Processing website files in C:\Users\brand_000\Documents\CSharp\Data.HashFunction.Documentation\Documentation\Staging\Working\Output\Website
Processed 616 HTML files
Sorting keywords and generating See Also indices
Saving website keyword index to C:\Users\brand_000\Documents\CSharp\Data.HashFunction.Documentation\Documentation\Staging\Working\WebKI.xml
Saving website table of contents to C:\Users\brand_000\Documents\CSharp\Data.HashFunction.Documentation\Documentation\Staging\Working\WebTOC.xml
    Last step completed in 00:00:01.3281
</buildStep>
<buildStep step="CopyStandardHelpContent">
Copying standard help content...
C:\Program Files (x86)\EWSoftware\Sandcastle Help File Builder\PresentationStyles\VS2013\icons\AlertCaution.png -&gt; C:\Users\brand_000\Documents\CSharp\Data.HashFunction.Documentation\Documentation\Staging\Working\Output\Website\icons\AlertCaution.png
C:\Program Files (x86)\EWSoftware\Sandcastle Help File Builder\PresentationStyles\VS2013\icons\AlertNote.png -&gt; C:\Users\brand_000\Documents\CSharp\Data.HashFunction.Documentation\Documentation\Staging\Working\Output\Website\icons\AlertNote.png
C:\Program Files (x86)\EWSoftware\Sandcastle Help File Builder\PresentationStyles\VS2013\icons\AlertSecurity.png -&gt; C:\Users\brand_000\Documents\CSharp\Data.HashFunction.Documentation\Documentation\Staging\Working\Output\Website\icons\AlertSecurity.png
C:\Program Files (x86)\EWSoftware\Sandcastle Help File Builder\PresentationStyles\VS2013\icons\CFW.gif -&gt; C:\Users\brand_000\Documents\CSharp\Data.HashFunction.Documentation\Documentation\Staging\Working\Output\Website\icons\CFW.gif
C:\Program Files (x86)\EWSoftware\Sandcastle Help File Builder\PresentationStyles\VS2013\icons\CodeExample.png -&gt; C:\Users\brand_000\Documents\CSharp\Data.HashFunction.Documentation\Documentation\Staging\Working\Output\Website\icons\CodeExample.png
C:\Program Files (x86)\EWSoftware\Sandcastle Help File Builder\PresentationStyles\VS2013\icons\favicon.ico -&gt; C:\Users\brand_000\Documents\CSharp\Data.HashFunction.Documentation\Documentation\Staging\Working\Output\Website\icons\favicon.ico
C:\Program Files (x86)\EWSoftware\Sandcastle Help File Builder\PresentationStyles\VS2013\icons\privclass.gif -&gt; C:\Users\brand_000\Documents\CSharp\Data.HashFunction.Documentation\Documentation\Staging\Working\Output\Website\icons\privclass.gif
C:\Program Files (x86)\EWSoftware\Sandcastle Help File Builder\PresentationStyles\VS2013\icons\privdelegate.gif -&gt; C:\Users\brand_000\Documents\CSharp\Data.HashFunction.Documentation\Documentation\Staging\Working\Output\Website\icons\privdelegate.gif
C:\Program Files (x86)\EWSoftware\Sandcastle Help File Builder\PresentationStyles\VS2013\icons\privenumeration.gif -&gt; C:\Users\brand_000\Documents\CSharp\Data.HashFunction.Documentation\Documentation\Staging\Working\Output\Website\icons\privenumeration.gif
C:\Program Files (x86)\EWSoftware\Sandcastle Help File Builder\PresentationStyles\VS2013\icons\privevent.gif -&gt; C:\Users\brand_000\Documents\CSharp\Data.HashFunction.Documentation\Documentation\Staging\Working\Output\Website\icons\privevent.gif
C:\Program Files (x86)\EWSoftware\Sandcastle Help File Builder\PresentationStyles\VS2013\icons\privextension.gif -&gt; C:\Users\brand_000\Documents\CSharp\Data.HashFunction.Documentation\Documentation\Staging\Working\Output\Website\icons\privextension.gif
C:\Program Files (x86)\EWSoftware\Sandcastle Help File Builder\PresentationStyles\VS2013\icons\privfield.gif -&gt; C:\Users\brand_000\Documents\CSharp\Data.HashFunction.Documentation\Documentation\Staging\Working\Output\Website\icons\privfield.gif
C:\Program Files (x86)\EWSoftware\Sandcastle Help File Builder\PresentationStyles\VS2013\icons\privinterface.gif -&gt; C:\Users\brand_000\Documents\CSharp\Data.HashFunction.Documentation\Documentation\Staging\Working\Output\Website\icons\privinterface.gif
C:\Program Files (x86)\EWSoftware\Sandcastle Help File Builder\PresentationStyles\VS2013\icons\privmethod.gif -&gt; C:\Users\brand_000\Documents\CSharp\Data.HashFunction.Documentation\Documentation\Staging\Working\Output\Website\icons\privmethod.gif
C:\Program Files (x86)\EWSoftware\Sandcastle Help File Builder\PresentationStyles\VS2013\icons\privproperty.gif -&gt; C:\Users\brand_000\Documents\CSharp\Data.HashFunction.Documentation\Documentation\Staging\Working\Output\Website\icons\privproperty.gif
C:\Program Files (x86)\EWSoftware\Sandcastle Help File Builder\PresentationStyles\VS2013\icons\privstructure.gif -&gt; C:\Users\brand_000\Documents\CSharp\Data.HashFunction.Documentation\Documentation\Staging\Working\Output\Website\icons\privstructure.gif
C:\Program Files (x86)\EWSoftware\Sandcastle Help File Builder\PresentationStyles\VS2013\icons\protclass.gif -&gt; C:\Users\brand_000\Documents\CSharp\Data.HashFunction.Documentation\Documentation\Staging\Working\Output\Website\icons\protclass.gif
C:\Program Files (x86)\EWSoftware\Sandcastle Help File Builder\PresentationStyles\VS2013\icons\protdelegate.gif -&gt; C:\Users\brand_000\Documents\CSharp\Data.HashFunction.Documentation\Documentation\Staging\Working\Output\Website\icons\protdelegate.gif
C:\Program Files (x86)\EWSoftware\Sandcastle Help File Builder\PresentationStyles\VS2013\icons\protenumeration.gif -&gt; C:\Users\brand_000\Documents\CSharp\Data.HashFunction.Documentation\Documentation\Staging\Working\Output\Website\icons\protenumeration.gif
C:\Program Files (x86)\EWSoftware\Sandcastle Help File Builder\PresentationStyles\VS2013\icons\protevent.gif -&gt; C:\Users\brand_000\Documents\CSharp\Data.HashFunction.Documentation\Documentation\Staging\Working\Output\Website\icons\protevent.gif
C:\Program Files (x86)\EWSoftware\Sandcastle Help File Builder\PresentationStyles\VS2013\icons\protextension.gif -&gt; C:\Users\brand_000\Documents\CSharp\Data.HashFunction.Documentation\Documentation\Staging\Working\Output\Website\icons\protextension.gif
C:\Program Files (x86)\EWSoftware\Sandcastle Help File Builder\PresentationStyles\VS2013\icons\protfield.gif -&gt; C:\Users\brand_000\Documents\CSharp\Data.HashFunction.Documentation\Documentation\Staging\Working\Output\Website\icons\protfield.gif
C:\Program Files (x86)\EWSoftware\Sandcastle Help File Builder\PresentationStyles\VS2013\icons\protinterface.gif -&gt; C:\Users\brand_000\Documents\CSharp\Data.HashFunction.Documentation\Documentation\Staging\Working\Output\Website\icons\protinterface.gif
C:\Program Files (x86)\EWSoftware\Sandcastle Help File Builder\PresentationStyles\VS2013\icons\protmethod.gif -&gt; C:\Users\brand_000\Documents\CSharp\Data.HashFunction.Documentation\Documentation\Staging\Working\Output\Website\icons\protmethod.gif
C:\Program Files (x86)\EWSoftware\Sandcastle Help File Builder\PresentationStyles\VS2013\icons\protoperator.gif -&gt; C:\Users\brand_000\Documents\CSharp\Data.HashFunction.Documentation\Documentation\Staging\Working\Output\Website\icons\protoperator.gif
C:\Program Files (x86)\EWSoftware\Sandcastle Help File Builder\PresentationStyles\VS2013\icons\protproperty.gif -&gt; C:\Users\brand_000\Documents\CSharp\Data.HashFunction.Documentation\Documentation\Staging\Working\Output\Website\icons\protproperty.gif
C:\Program Files (x86)\EWSoftware\Sandcastle Help File Builder\PresentationStyles\VS2013\icons\protstructure.gif -&gt; C:\Users\brand_000\Documents\CSharp\Data.HashFunction.Documentation\Documentation\Staging\Working\Output\Website\icons\protstructure.gif
C:\Program Files (x86)\EWSoftware\Sandcastle Help File Builder\PresentationStyles\VS2013\icons\pubclass.gif -&gt; C:\Users\brand_000\Documents\CSharp\Data.HashFunction.Documentation\Documentation\Staging\Working\Output\Website\icons\pubclass.gif
C:\Program Files (x86)\EWSoftware\Sandcastle Help File Builder\PresentationStyles\VS2013\icons\pubdelegate.gif -&gt; C:\Users\brand_000\Documents\CSharp\Data.HashFunction.Documentation\Documentation\Staging\Working\Output\Website\icons\pubdelegate.gif
C:\Program Files (x86)\EWSoftware\Sandcastle Help File Builder\PresentationStyles\VS2013\icons\pubenumeration.gif -&gt; C:\Users\brand_000\Documents\CSharp\Data.HashFunction.Documentation\Documentation\Staging\Working\Output\Website\icons\pubenumeration.gif
C:\Program Files (x86)\EWSoftware\Sandcastle Help File Builder\PresentationStyles\VS2013\icons\pubevent.gif -&gt; C:\Users\brand_000\Documents\CSharp\Data.HashFunction.Documentation\Documentation\Staging\Working\Output\Website\icons\pubevent.gif
C:\Program Files (x86)\EWSoftware\Sandcastle Help File Builder\PresentationStyles\VS2013\icons\pubextension.gif -&gt; C:\Users\brand_000\Documents\CSharp\Data.HashFunction.Documentation\Documentation\Staging\Working\Output\Website\icons\pubextension.gif
C:\Program Files (x86)\EWSoftware\Sandcastle Help File Builder\PresentationStyles\VS2013\icons\pubfield.gif -&gt; C:\Users\brand_000\Documents\CSharp\Data.HashFunction.Documentation\Documentation\Staging\Working\Output\Website\icons\pubfield.gif
C:\Program Files (x86)\EWSoftware\Sandcastle Help File Builder\PresentationStyles\VS2013\icons\pubinterface.gif -&gt; C:\Users\brand_000\Documents\CSharp\Data.HashFunction.Documentation\Documentation\Staging\Working\Output\Website\icons\pubinterface.gif
C:\Program Files (x86)\EWSoftware\Sandcastle Help File Builder\PresentationStyles\VS2013\icons\pubmethod.gif -&gt; C:\Users\brand_000\Documents\CSharp\Data.HashFunction.Documentation\Documentation\Staging\Working\Output\Website\icons\pubmethod.gif
C:\Program Files (x86)\EWSoftware\Sandcastle Help File Builder\PresentationStyles\VS2013\icons\puboperator.gif -&gt; C:\Users\brand_000\Documents\CSharp\Data.HashFunction.Documentation\Documentation\Staging\Working\Output\Website\icons\puboperator.gif
C:\Program Files (x86)\EWSoftware\Sandcastle Help File Builder\PresentationStyles\VS2013\icons\pubproperty.gif -&gt; C:\Users\brand_000\Documents\CSharp\Data.HashFunction.Documentation\Documentation\Staging\Working\Output\Website\icons\pubproperty.gif
C:\Program Files (x86)\EWSoftware\Sandcastle Help File Builder\PresentationStyles\VS2013\icons\pubstructure.gif -&gt; C:\Users\brand_000\Documents\CSharp\Data.HashFunction.Documentation\Documentation\Staging\Working\Output\Website\icons\pubstructure.gif
C:\Program Files (x86)\EWSoftware\Sandcastle Help File Builder\PresentationStyles\VS2013\icons\SectionCollapsed.png -&gt; C:\Users\brand_000\Documents\CSharp\Data.HashFunction.Documentation\Documentation\Staging\Working\Output\Website\icons\SectionCollapsed.png
C:\Program Files (x86)\EWSoftware\Sandcastle Help File Builder\PresentationStyles\VS2013\icons\SectionExpanded.png -&gt; C:\Users\brand_000\Documents\CSharp\Data.HashFunction.Documentation\Documentation\Staging\Working\Output\Website\icons\SectionExpanded.png
C:\Program Files (x86)\EWSoftware\Sandcastle Help File Builder\PresentationStyles\VS2013\icons\slMobile.gif -&gt; C:\Users\brand_000\Documents\CSharp\Data.HashFunction.Documentation\Documentation\Staging\Working\Output\Website\icons\slMobile.gif
C:\Program Files (x86)\EWSoftware\Sandcastle Help File Builder\PresentationStyles\VS2013\icons\static.gif -&gt; C:\Users\brand_000\Documents\CSharp\Data.HashFunction.Documentation\Documentation\Staging\Working\Output\Website\icons\static.gif
C:\Program Files (x86)\EWSoftware\Sandcastle Help File Builder\PresentationStyles\VS2013\icons\xna.gif -&gt; C:\Users\brand_000\Documents\CSharp\Data.HashFunction.Documentation\Documentation\Staging\Working\Output\Website\icons\xna.gif
C:\Program Files (x86)\EWSoftware\Sandcastle Help File Builder\PresentationStyles\VS2013\scripts\branding.js -&gt; C:\Users\brand_000\Documents\CSharp\Data.HashFunction.Documentation\Documentation\Staging\Working\Output\Website\scripts\branding.js
C:\Program Files (x86)\EWSoftware\Sandcastle Help File Builder\PresentationStyles\VS2013\styles\branding-cs-CZ.css -&gt; C:\Users\brand_000\Documents\CSharp\Data.HashFunction.Documentation\Documentation\Staging\Working\Output\Website\styles\branding-cs-CZ.css
C:\Program Files (x86)\EWSoftware\Sandcastle Help File Builder\PresentationStyles\VS2013\styles\branding-de-DE.css -&gt; C:\Users\brand_000\Documents\CSharp\Data.HashFunction.Documentation\Documentation\Staging\Working\Output\Website\styles\branding-de-DE.css
C:\Program Files (x86)\EWSoftware\Sandcastle Help File Builder\PresentationStyles\VS2013\styles\branding-en-US.css -&gt; C:\Users\brand_000\Documents\CSharp\Data.HashFunction.Documentation\Documentation\Staging\Working\Output\Website\styles\branding-en-US.css
C:\Program Files (x86)\EWSoftware\Sandcastle Help File Builder\PresentationStyles\VS2013\styles\branding-es-ES.css -&gt; C:\Users\brand_000\Documents\CSharp\Data.HashFunction.Documentation\Documentation\Staging\Working\Output\Website\styles\branding-es-ES.css
C:\Program Files (x86)\EWSoftware\Sandcastle Help File Builder\PresentationStyles\VS2013\styles\branding-fr-FR.css -&gt; C:\Users\brand_000\Documents\CSharp\Data.HashFunction.Documentation\Documentation\Staging\Working\Output\Website\styles\branding-fr-FR.css
C:\Program Files (x86)\EWSoftware\Sandcastle Help File Builder\PresentationStyles\VS2013\styles\branding-Help1.css -&gt; C:\Users\brand_000\Documents\CSharp\Data.HashFunction.Documentation\Documentation\Staging\Working\Output\Website\styles\branding-Help1.css
C:\Program Files (x86)\EWSoftware\Sandcastle Help File Builder\PresentationStyles\VS2013\styles\branding-Help2.css -&gt; C:\Users\brand_000\Documents\CSharp\Data.HashFunction.Documentation\Documentation\Staging\Working\Output\Website\styles\branding-Help2.css
C:\Program Files (x86)\EWSoftware\Sandcastle Help File Builder\PresentationStyles\VS2013\styles\branding-HelpViewer.css -&gt; C:\Users\brand_000\Documents\CSharp\Data.HashFunction.Documentation\Documentation\Staging\Working\Output\Website\styles\branding-HelpViewer.css
C:\Program Files (x86)\EWSoftware\Sandcastle Help File Builder\PresentationStyles\VS2013\styles\branding-it-IT.css -&gt; C:\Users\brand_000\Documents\CSharp\Data.HashFunction.Documentation\Documentation\Staging\Working\Output\Website\styles\branding-it-IT.css
C:\Program Files (x86)\EWSoftware\Sandcastle Help File Builder\PresentationStyles\VS2013\styles\branding-ja-JP.css -&gt; C:\Users\brand_000\Documents\CSharp\Data.HashFunction.Documentation\Documentation\Staging\Working\Output\Website\styles\branding-ja-JP.css
C:\Program Files (x86)\EWSoftware\Sandcastle Help File Builder\PresentationStyles\VS2013\styles\branding-ko-KR.css -&gt; C:\Users\brand_000\Documents\CSharp\Data.HashFunction.Documentation\Documentation\Staging\Working\Output\Website\styles\branding-ko-KR.css
C:\Program Files (x86)\EWSoftware\Sandcastle Help File Builder\PresentationStyles\VS2013\styles\branding-pl-PL.css -&gt; C:\Users\brand_000\Documents\CSharp\Data.HashFunction.Documentation\Documentation\Staging\Working\Output\Website\styles\branding-pl-PL.css
C:\Program Files (x86)\EWSoftware\Sandcastle Help File Builder\PresentationStyles\VS2013\styles\branding-pt-BR.css -&gt; C:\Users\brand_000\Documents\CSharp\Data.HashFunction.Documentation\Documentation\Staging\Working\Output\Website\styles\branding-pt-BR.css
C:\Program Files (x86)\EWSoftware\Sandcastle Help File Builder\PresentationStyles\VS2013\styles\branding-ru-RU.css -&gt; C:\Users\brand_000\Documents\CSharp\Data.HashFunction.Documentation\Documentation\Staging\Working\Output\Website\styles\branding-ru-RU.css
C:\Program Files (x86)\EWSoftware\Sandcastle Help File Builder\PresentationStyles\VS2013\styles\branding-tr-TR.css -&gt; C:\Users\brand_000\Documents\CSharp\Data.HashFunction.Documentation\Documentation\Staging\Working\Output\Website\styles\branding-tr-TR.css
C:\Program Files (x86)\EWSoftware\Sandcastle Help File Builder\PresentationStyles\VS2013\styles\branding-Website.css -&gt; C:\Users\brand_000\Documents\CSharp\Data.HashFunction.Documentation\Documentation\Staging\Working\Output\Website\styles\branding-Website.css
C:\Program Files (x86)\EWSoftware\Sandcastle Help File Builder\PresentationStyles\VS2013\styles\branding-zh-CN.css -&gt; C:\Users\brand_000\Documents\CSharp\Data.HashFunction.Documentation\Documentation\Staging\Working\Output\Website\styles\branding-zh-CN.css
C:\Program Files (x86)\EWSoftware\Sandcastle Help File Builder\PresentationStyles\VS2013\styles\branding-zh-TW.css -&gt; C:\Users\brand_000\Documents\CSharp\Data.HashFunction.Documentation\Documentation\Staging\Working\Output\Website\styles\branding-zh-TW.css
C:\Program Files (x86)\EWSoftware\Sandcastle Help File Builder\PresentationStyles\VS2013\styles\branding.css -&gt; C:\Users\brand_000\Documents\CSharp\Data.HashFunction.Documentation\Documentation\Staging\Working\Output\Website\styles\branding.css
C:\Program Files (x86)\EWSoftware\Sandcastle Help File Builder\PresentationStyles\VS2013\Web\index.html -&gt; C:\Users\brand_000\Documents\CSharp\Data.HashFunction.Documentation\Documentation\Staging\Working\Output\Website\index.html
C:\Program Files (x86)\EWSoftware\Sandcastle Help File Builder\PresentationStyles\VS2013\Web\search.html -&gt; C:\Users\brand_000\Documents\CSharp\Data.HashFunction.Documentation\Documentation\Staging\Working\Output\Website\search.html
C:\Program Files (x86)\EWSoftware\Sandcastle Help File Builder\PresentationStyles\VS2013\Web\SearchHelp.aspx -&gt; C:\Users\brand_000\Documents\CSharp\Data.HashFunction.Documentation\Documentation\Staging\Working\Output\Website\SearchHelp.aspx
C:\Program Files (x86)\EWSoftware\Sandcastle Help File Builder\PresentationStyles\VS2013\Web\SearchHelp.inc.php -&gt; C:\Users\brand_000\Documents\CSharp\Data.HashFunction.Documentation\Documentation\Staging\Working\Output\Website\SearchHelp.inc.php
C:\Program Files (x86)\EWSoftware\Sandcastle Help File Builder\PresentationStyles\VS2013\Web\SearchHelp.php -&gt; C:\Users\brand_000\Documents\CSharp\Data.HashFunction.Documentation\Documentation\Staging\Working\Output\Website\SearchHelp.php
C:\Program Files (x86)\EWSoftware\Sandcastle Help File Builder\PresentationStyles\VS2013\Web\Web.Config -&gt; C:\Users\brand_000\Documents\CSharp\Data.HashFunction.Documentation\Documentation\Staging\Working\Output\Website\Web.Config
C:\Program Files (x86)\EWSoftware\Sandcastle Help File Builder\PresentationStyles\VS2013\Web\icons\Search.png -&gt; C:\Users\brand_000\Documents\CSharp\Data.HashFunction.Documentation\Documentation\Staging\Working\Output\Website\icons\Search.png
C:\Program Files (x86)\EWSoftware\Sandcastle Help File Builder\PresentationStyles\VS2013\Web\icons\TocClose.gif -&gt; C:\Users\brand_000\Documents\CSharp\Data.HashFunction.Documentation\Documentation\Staging\Working\Output\Website\icons\TocClose.gif
C:\Program Files (x86)\EWSoftware\Sandcastle Help File Builder\PresentationStyles\VS2013\Web\icons\TocCollapsed.gif -&gt; C:\Users\brand_000\Documents\CSharp\Data.HashFunction.Documentation\Documentation\Staging\Working\Output\Website\icons\TocCollapsed.gif
C:\Program Files (x86)\EWSoftware\Sandcastle Help File Builder\PresentationStyles\VS2013\Web\icons\TocExpanded.gif -&gt; C:\Users\brand_000\Documents\CSharp\Data.HashFunction.Documentation\Documentation\Staging\Working\Output\Website\icons\TocExpanded.gif
C:\Program Files (x86)\EWSoftware\Sandcastle Help File Builder\PresentationStyles\VS2013\Web\icons\TocOpen.gif -&gt; C:\Users\brand_000\Documents\CSharp\Data.HashFunction.Documentation\Documentation\Staging\Working\Output\Website\icons\TocOpen.gif
C:\Program Files (x86)\EWSoftware\Sandcastle Help File Builder\PresentationStyles\VS2013\Web\scripts\branding-Website.js -&gt; C:\Users\brand_000\Documents\CSharp\Data.HashFunction.Documentation\Documentation\Staging\Working\Output\Website\scripts\branding-Website.js
C:\Program Files (x86)\EWSoftware\Sandcastle Help File Builder\PresentationStyles\VS2013\Web\scripts\jquery-1.11.0.min.js -&gt; C:\Users\brand_000\Documents\CSharp\Data.HashFunction.Documentation\Documentation\Staging\Working\Output\Website\scripts\jquery-1.11.0.min.js
    Last step completed in 00:00:00.2813
</buildStep>
<buildStep step="GenerateHelpFormatTableOfContents">
Generating website table of contents file...
    Last step completed in 00:00:00.0000
</buildStep>
<buildStep step="GenerateFullTextIndex">
Generating full-text index for the website...

<plugIn name="Lightweight Website Style" behavior="After" priority="1000">
Adding lightweight search and TOC elements to each topic...
</plugIn>    Last step completed in 00:00:03.1101
</buildStep>
<buildStep step="CopyingWebsiteFiles">
Copying website files to output folder...

Copied 100 files
Copied 200 files
Copied 300 files
Copied 400 files
Copied 500 files
Copied 600 files
Copied 700 files
Copied 800 files
Copied 900 files
Copied 902 files for the website content
    Last step completed in 00:00:03.0005
</buildStep>
<buildStep step="CleanIntermediates">
Removing intermediate files...
    Last step completed in 00:00:00.3750
</buildStep>
<buildStep step="Completed">

Build completed successfully at 10/23/2014 08:09 PM.  Total time: 00:00:29.8993

</buildStep>
</shfbBuild>
